{"D:\\projects\\golf\\golf-course-recommendation-engine\\golf-club-ui\\src\\App.js": {"path":"D:\\projects\\golf\\golf-course-recommendation-engine\\golf-club-ui\\src\\App.js","statementMap":{"0":{"start":{"line":6,"column":2},"end":{"line":26,"column":4}}},"fnMap":{"0":{"name":"App","decl":{"start":{"line":5,"column":9},"end":{"line":5,"column":12}},"loc":{"start":{"line":5,"column":15},"end":{"line":27,"column":1}},"line":5}},"branchMap":{},"s":{"0":1},"f":{"0":1},"b":{},"_coverageSchema":"1a1c01bbd47fc00a2c39e90264f33305004495a9","hash":"0e25eeb9e328261c3962efeac843776a779eefb5"}
,"D:\\projects\\golf\\golf-course-recommendation-engine\\golf-club-ui\\src\\logo.svg": {"path":"D:\\projects\\golf\\golf-course-recommendation-engine\\golf-club-ui\\src\\logo.svg","statementMap":{"0":{"start":{"line":1,"column":0},"end":{"line":1,"column":20}}},"fnMap":{},"branchMap":{},"s":{"0":1},"f":{},"b":{},"_coverageSchema":"1a1c01bbd47fc00a2c39e90264f33305004495a9","hash":"bb36ea1470456ba13dfdacc0c24fec8224b4d4ea"}
,"D:\\projects\\golf\\golf-course-recommendation-engine\\golf-club-uicd\\src\\App.js": {"path":"D:\\projects\\golf\\golf-course-recommendation-engine\\golf-club-uicd\\src\\App.js","statementMap":{"0":{"start":{"line":6,"column":2},"end":{"line":24,"column":4}}},"fnMap":{"0":{"name":"App","decl":{"start":{"line":5,"column":9},"end":{"line":5,"column":12}},"loc":{"start":{"line":5,"column":15},"end":{"line":25,"column":1}},"line":5}},"branchMap":{},"s":{"0":0},"f":{"0":0},"b":{},"_coverageSchema":"1a1c01bbd47fc00a2c39e90264f33305004495a9","hash":"212d0dd5ddd453969ce7d11e824c9050b36e40f8"}
,"D:\\projects\\golf\\golf-course-recommendation-engine\\golf-club-uicd\\src\\logo.svg": {"path":"D:\\projects\\golf\\golf-course-recommendation-engine\\golf-club-uicd\\src\\logo.svg","statementMap":{"0":{"start":{"line":1,"column":0},"end":{"line":1,"column":20}}},"fnMap":{},"branchMap":{},"s":{"0":1},"f":{},"b":{},"_coverageSchema":"1a1c01bbd47fc00a2c39e90264f33305004495a9","hash":"2e4f2d6bffd62a307b40013835735867c2ebfcf7"}
}
